(2, 10, 30),[3],[20, 30, 40],[300],[None],'[None]','['adam', 'nadam']','[<function categorical_crossentropy at 0x000001D8099AA9D8>, <function logcosh at 0x000001D8099AA950>]','[<function sigmoid at 0x000001D8099D4A60>]',_warning_all_ones_,300,multi_class,3,onehot,0.3,first_test
(2, 10, 30),[3],[20, 30, 40],[300],[None],'[None]','['adam', 'nadam']','[<function categorical_crossentropy at 0x000001D8099AA9D8>, <function logcosh at 0x000001D8099AA950>]','[<function sigmoid at 0x000001D8099D4A60>]',_warning_no_true_positive,300,multi_class,3,onehot,0.3,first_test
(2, 10, 30),[3],[20, 30, 40],[300],[None],'[None]','['adam', 'nadam']','[<function categorical_crossentropy at 0x000001D8099AA9D8>, <function logcosh at 0x000001D8099AA950>]','[<function sigmoid at 0x000001D8099D4A60>]',_warning_no_true_positive,300,multi_class,3,onehot,0.3,first_test
(2, 10, 30),[3],[20, 30, 40],[300],[None],'[None]','['adam', 'nadam']','[<function categorical_crossentropy at 0x000001D8099AA9D8>, <function logcosh at 0x000001D8099AA950>]','[<function sigmoid at 0x000001D8099D4A60>]',_warning_no_true_positive,300,multi_class,3,onehot,0.3,first_test
(2, 10, 30),[3],[20, 30, 40],[300],[None],'[None]','['adam', 'nadam']','[<function categorical_crossentropy at 0x000001D8099AA9D8>, <function logcosh at 0x000001D8099AA950>]','[<function sigmoid at 0x000001D8099D4A60>]',_warning_all_zeros_,300,multi_class,3,onehot,0.3,first_test
(2, 10, 30),[3],[20, 30, 40],[300],[None],'[None]','['adam', 'nadam']','[<function categorical_crossentropy at 0x000001D8099AA9D8>, <function logcosh at 0x000001D8099AA950>]','[<function sigmoid at 0x000001D8099D4A60>]',_warning_no_true_positive,300,multi_class,3,onehot,0.3,first_test
(2, 10, 30),[3],[20, 30, 40],[300],[None],'[None]','['adam', 'nadam']','[<function categorical_crossentropy at 0x000001D8099AA9D8>, <function logcosh at 0x000001D8099AA950>]','[<function sigmoid at 0x000001D8099D4A60>]',_warning_all_zeros_,300,multi_class,3,onehot,0.3,first_test
(2, 10, 30),[3],[20, 30, 40],[300],[None],'[None]','['adam', 'nadam']','[<function categorical_crossentropy at 0x000001D8099AA9D8>, <function logcosh at 0x000001D8099AA950>]','[<function sigmoid at 0x000001D8099D4A60>]',_warning_no_true_positive,300,multi_class,3,onehot,0.3,first_test
(2, 10, 30),[3],[20, 30, 40],[300],[None],'[None]','['adam', 'nadam']','[<function categorical_crossentropy at 0x000001D8099AA9D8>, <function logcosh at 0x000001D8099AA950>]','[<function sigmoid at 0x000001D8099D4A60>]',_warning_no_true_positive,300,multi_class,3,onehot,0.3,first_test
(2, 10, 30),[3],[20, 30, 40],[300],[None],'[None]','['adam', 'nadam']','[<function categorical_crossentropy at 0x000001D8099AA9D8>, <function logcosh at 0x000001D8099AA950>]','[<function sigmoid at 0x000001D8099D4A60>]',_warning_no_true_positive,300,multi_class,3,onehot,0.3,first_test
(2, 10, 30),[3],[20, 30, 40],[300],[None],'[None]','['adam', 'nadam']','[<function categorical_crossentropy at 0x000001D8099AA9D8>, <function logcosh at 0x000001D8099AA950>]','[<function sigmoid at 0x000001D8099D4A60>]',_warning_no_true_positive,300,multi_class,3,onehot,0.3,first_test
(2, 10, 30),[3],[20, 30, 40],[300],[None],'[None]','['adam', 'nadam']','[<function categorical_crossentropy at 0x000001D8099AA9D8>, <function logcosh at 0x000001D8099AA950>]','[<function sigmoid at 0x000001D8099D4A60>]',0.667
(2, 10, 30),[3],[20, 30, 40],[300],[None],'[None]','['adam', 'nadam']','[<function categorical_crossentropy at 0x000001D8099AA9D8>, <function logcosh at 0x000001D8099AA950>]','[<function sigmoid at 0x000001D8099D4A60>]',_warning_no_true_positive,300,multi_class,3,onehot,0.3,first_test
(2, 10, 30),[3],[20, 30, 40],[300],[None],'[None]','['adam', 'nadam']','[<function categorical_crossentropy at 0x000001D8099AA9D8>, <function logcosh at 0x000001D8099AA950>]','[<function sigmoid at 0x000001D8099D4A60>]',_warning_no_true_positive,300,multi_class,3,onehot,0.3,first_test
(2, 10, 30),[3],[20, 30, 40],[300],[None],'[None]','['adam', 'nadam']','[<function categorical_crossentropy at 0x000001D8099AA9D8>, <function logcosh at 0x000001D8099AA950>]','[<function sigmoid at 0x000001D8099D4A60>]',1.0
(2, 10, 30),[3],[20, 30, 40],[300],[None],'[None]','['adam', 'nadam']','[<function categorical_crossentropy at 0x000001D8099AA9D8>, <function logcosh at 0x000001D8099AA950>]','[<function sigmoid at 0x000001D8099D4A60>]',_warning_no_true_positive,300,multi_class,3,onehot,0.3,first_test
(2, 10, 30),[3],[20, 30, 40],[300],[None],'[None]','['adam', 'nadam']','[<function categorical_crossentropy at 0x000001D8099AA9D8>, <function logcosh at 0x000001D8099AA950>]','[<function sigmoid at 0x000001D8099D4A60>]',_warning_no_true_positive,300,multi_class,3,onehot,0.3,first_test
(2, 10, 30),[3],[20, 30, 40],[300],[None],'[None]','['adam', 'nadam']','[<function categorical_crossentropy at 0x000001D8099AA9D8>, <function logcosh at 0x000001D8099AA950>]','[<function sigmoid at 0x000001D8099D4A60>]',_warning_no_true_positive,300,multi_class,3,onehot,0.3,first_test
(2, 10, 30),[3],[20, 30, 40],[300],[None],'[None]','['adam', 'nadam']','[<function categorical_crossentropy at 0x000001D8099AA9D8>, <function logcosh at 0x000001D8099AA950>]','[<function sigmoid at 0x000001D8099D4A60>]',_warning_all_ones_,300,multi_class,3,onehot,0.3,first_test
(2, 10, 30),[3],[20, 30, 40],[300],[None],'[None]','['adam', 'nadam']','[<function categorical_crossentropy at 0x000001D8099AA9D8>, <function logcosh at 0x000001D8099AA950>]','[<function sigmoid at 0x000001D8099D4A60>]',_warning_no_true_positive,300,multi_class,3,onehot,0.3,first_test
(2, 10, 30),[3],[20, 30, 40],[300],[None],'[None]','['adam', 'nadam']','[<function categorical_crossentropy at 0x000001D8099AA9D8>, <function logcosh at 0x000001D8099AA950>]','[<function sigmoid at 0x000001D8099D4A60>]',_warning_no_true_positive,300,multi_class,3,onehot,0.3,first_test
(2, 10, 30),[3],[20, 30, 40],[300],[None],'[None]','['adam', 'nadam']','[<function categorical_crossentropy at 0x000001D8099AA9D8>, <function logcosh at 0x000001D8099AA950>]','[<function sigmoid at 0x000001D8099D4A60>]',_warning_no_true_positive,300,multi_class,3,onehot,0.3,first_test
(2, 10, 30),[3],[20, 30, 40],[300],[None],'[None]','['adam', 'nadam']','[<function categorical_crossentropy at 0x000001D8099AA9D8>, <function logcosh at 0x000001D8099AA950>]','[<function sigmoid at 0x000001D8099D4A60>]',_warning_all_ones_,300,multi_class,3,onehot,0.3,first_test
(2, 10, 30),[3],[20, 30, 40],[300],[None],'[None]','['adam', 'nadam']','[<function categorical_crossentropy at 0x000001D8099AA9D8>, <function logcosh at 0x000001D8099AA950>]','[<function sigmoid at 0x000001D8099D4A60>]',0.857
(2, 10, 30),[3],[20, 30, 40],[300],[None],'[None]','['adam', 'nadam']','[<function categorical_crossentropy at 0x000001D8099AA9D8>, <function logcosh at 0x000001D8099AA950>]','[<function sigmoid at 0x000001D8099D4A60>]',_warning_no_true_positive,300,multi_class,3,onehot,0.3,first_test
(2, 10, 30),[3],[20, 30, 40],[300],[None],'[None]','['adam', 'nadam']','[<function categorical_crossentropy at 0x000001D8099AA9D8>, <function logcosh at 0x000001D8099AA950>]','[<function sigmoid at 0x000001D8099D4A60>]',_warning_no_true_positive,300,multi_class,3,onehot,0.3,first_test
(2, 10, 30),[3],[20, 30, 40],[300],[None],'[None]','['adam', 'nadam']','[<function categorical_crossentropy at 0x000001D8099AA9D8>, <function logcosh at 0x000001D8099AA950>]','[<function sigmoid at 0x000001D8099D4A60>]',_warning_no_true_positive,300,multi_class,3,onehot,0.3,first_test
(2, 10, 30),[3],[20, 30, 40],[300],[None],'[None]','['adam', 'nadam']','[<function categorical_crossentropy at 0x000001D8099AA9D8>, <function logcosh at 0x000001D8099AA950>]','[<function sigmoid at 0x000001D8099D4A60>]',_warning_no_true_positive,300,multi_class,3,onehot,0.3,first_test
(2, 10, 30),[3],[20, 30, 40],[300],[None],'[None]','['adam', 'nadam']','[<function categorical_crossentropy at 0x000001D8099AA9D8>, <function logcosh at 0x000001D8099AA950>]','[<function sigmoid at 0x000001D8099D4A60>]',_warning_no_true_positive,300,multi_class,3,onehot,0.3,first_test
(2, 10, 30),[3],[20, 30, 40],[300],[None],'[None]','['adam', 'nadam']','[<function categorical_crossentropy at 0x000001D8099AA9D8>, <function logcosh at 0x000001D8099AA950>]','[<function sigmoid at 0x000001D8099D4A60>]',_warning_all_zeros_,300,multi_class,3,onehot,0.3,first_test
(2, 10, 30),[3],[20, 30, 40],[300],[None],'[None]','['adam', 'nadam']','[<function categorical_crossentropy at 0x000001D8099AA9D8>, <function logcosh at 0x000001D8099AA950>]','[<function sigmoid at 0x000001D8099D4A60>]',_warning_no_true_positive,300,multi_class,3,onehot,0.3,first_test
(2, 10, 30),[3],[20, 30, 40],[300],[None],'[None]','['adam', 'nadam']','[<function categorical_crossentropy at 0x000001D8099AA9D8>, <function logcosh at 0x000001D8099AA950>]','[<function sigmoid at 0x000001D8099D4A60>]',_warning_no_true_positive,300,multi_class,3,onehot,0.3,first_test
(2, 10, 30),[3],[20, 30, 40],[300],[None],'[None]','['adam', 'nadam']','[<function categorical_crossentropy at 0x000001D8099AA9D8>, <function logcosh at 0x000001D8099AA950>]','[<function sigmoid at 0x000001D8099D4A60>]',_warning_no_true_positive,300,multi_class,3,onehot,0.3,first_test
(2, 10, 30),[3],[20, 30, 40],[300],[None],'[None]','['adam', 'nadam']','[<function categorical_crossentropy at 0x000001D8099AA9D8>, <function logcosh at 0x000001D8099AA950>]','[<function sigmoid at 0x000001D8099D4A60>]',_warning_no_true_positive,300,multi_class,3,onehot,0.3,first_test
(2, 10, 30),[3],[20, 30, 40],[300],[None],'[None]','['adam', 'nadam']','[<function categorical_crossentropy at 0x000001D8099AA9D8>, <function logcosh at 0x000001D8099AA950>]','[<function sigmoid at 0x000001D8099D4A60>]',_warning_no_true_positive,300,multi_class,3,onehot,0.3,first_test
(2, 10, 30),[3],[20, 30, 40],[300],[None],'[None]','['adam', 'nadam']','[<function categorical_crossentropy at 0x000001D8099AA9D8>, <function logcosh at 0x000001D8099AA950>]','[<function sigmoid at 0x000001D8099D4A60>]',_warning_no_true_positive,300,multi_class,3,onehot,0.3,first_test
(2, 10, 30),[3],[20, 30, 40],[300],[None],'[None]','['adam', 'nadam']','[<function categorical_crossentropy at 0x000001D8099AA9D8>, <function logcosh at 0x000001D8099AA950>]','[<function sigmoid at 0x000001D8099D4A60>]',_warning_no_true_positive,300,multi_class,3,onehot,0.3,first_test
(2, 10, 30),[3],[20, 30, 40],[300],[None],'[None]','['adam', 'nadam']','[<function categorical_crossentropy at 0x000001D8099AA9D8>, <function logcosh at 0x000001D8099AA950>]','[<function sigmoid at 0x000001D8099D4A60>]',_warning_no_true_positive,300,multi_class,3,onehot,0.3,first_test
(2, 10, 30),[3],[20, 30, 40],[300],[None],'[None]','['adam', 'nadam']','[<function categorical_crossentropy at 0x000001D8099AA9D8>, <function logcosh at 0x000001D8099AA950>]','[<function sigmoid at 0x000001D8099D4A60>]',_warning_no_true_positive,300,multi_class,3,onehot,0.3,first_test
(2, 10, 30),[3],[20, 30, 40],[300],[None],'[None]','['adam', 'nadam']','[<function categorical_crossentropy at 0x000001D8099AA9D8>, <function logcosh at 0x000001D8099AA950>]','[<function sigmoid at 0x000001D8099D4A60>]',_warning_all_ones_,300,multi_class,3,onehot,0.3,first_test
(2, 10, 30),[3],[20, 30, 40],[300],[None],'[None]','['adam', 'nadam']','[<function categorical_crossentropy at 0x000001D8099AA9D8>, <function logcosh at 0x000001D8099AA950>]','[<function sigmoid at 0x000001D8099D4A60>]',_warning_no_true_positive,300,multi_class,3,onehot,0.3,first_test
(2, 10, 30),[3],[20, 30, 40],[300],[None],'[None]','['adam', 'nadam']','[<function categorical_crossentropy at 0x000001D8099AA9D8>, <function logcosh at 0x000001D8099AA950>]','[<function sigmoid at 0x000001D8099D4A60>]',_warning_no_true_positive,300,multi_class,3,onehot,0.3,first_test
(2, 10, 30),[3],[20, 30, 40],[300],[None],'[None]','['adam', 'nadam']','[<function categorical_crossentropy at 0x000001D8099AA9D8>, <function logcosh at 0x000001D8099AA950>]','[<function sigmoid at 0x000001D8099D4A60>]',_warning_no_true_positive,300,multi_class,3,onehot,0.3,first_test
(2, 10, 30),[3],[20, 30, 40],[300],[None],'[None]','['adam', 'nadam']','[<function categorical_crossentropy at 0x000001D8099AA9D8>, <function logcosh at 0x000001D8099AA950>]','[<function sigmoid at 0x000001D8099D4A60>]',_warning_no_true_positive,300,multi_class,3,onehot,0.3,first_test
(2, 10, 30),[3],[20, 30, 40],[300],[None],'[None]','['adam', 'nadam']','[<function categorical_crossentropy at 0x000001D8099AA9D8>, <function logcosh at 0x000001D8099AA950>]','[<function sigmoid at 0x000001D8099D4A60>]',_warning_no_true_positive,300,multi_class,3,onehot,0.3,first_test
(2, 10, 30),[3],[20, 30, 40],[300],[None],'[None]','['adam', 'nadam']','[<function categorical_crossentropy at 0x000001D8099AA9D8>, <function logcosh at 0x000001D8099AA950>]','[<function sigmoid at 0x000001D8099D4A60>]',_warning_no_true_positive,300,multi_class,3,onehot,0.3,first_test
(2, 10, 30),[3],[20, 30, 40],[300],[None],'[None]','['adam', 'nadam']','[<function categorical_crossentropy at 0x000001D8099AA9D8>, <function logcosh at 0x000001D8099AA950>]','[<function sigmoid at 0x000001D8099D4A60>]',_warning_no_true_positive,300,multi_class,3,onehot,0.3,first_test
(2, 10, 30),[3],[20, 30, 40],[300],[None],'[None]','['adam', 'nadam']','[<function categorical_crossentropy at 0x000001D8099AA9D8>, <function logcosh at 0x000001D8099AA950>]','[<function sigmoid at 0x000001D8099D4A60>]',_warning_no_true_positive,300,multi_class,3,onehot,0.3,first_test
(2, 10, 30),[1],[1, 2, 3, 4],[10, 20, 40],[None],'[None]','['SGD', 'nadam']','[<function mean_squared_error at 0x0000025432BEAC80>]','[<function linear at 0x0000025432C31400>]',nan
(2, 10, 30),[1],[1, 2, 3, 4],[10, 20, 40],[None],'[None]','['SGD', 'nadam']','[<function mean_squared_error at 0x0000025432BEAC80>]','[<function linear at 0x0000025432C31400>]',nan
(2, 10, 30),[1],[1, 2, 3, 4],[10, 20, 40],[None],'[None]','['SGD', 'nadam']','[<function mean_squared_error at 0x0000025432BEAC80>]','[<function linear at 0x0000025432C31400>]',nan
(2, 10, 30),[1],[1, 2, 3, 4],[10, 20, 40],[None],'[None]','['SGD', 'nadam']','[<function mean_squared_error at 0x0000025432BEAC80>]','[<function linear at 0x0000025432C31400>]',nan
(2, 10, 30),[1],[1, 2, 3, 4],[10, 20, 40],[None],'[None]','['SGD', 'nadam']','[<function mean_squared_error at 0x0000025432BEAC80>]','[<function linear at 0x0000025432C31400>]',nan
(2, 10, 30),[1],[1, 2, 3, 4],[10, 20, 40],[None],'[None]','['SGD', 'nadam']','[<function mean_squared_error at 0x0000025432BEAC80>]','[<function linear at 0x0000025432C31400>]',nan
(2, 10, 30),[1],[1, 2, 3, 4],[10, 20, 40],[None],'[None]','['SGD', 'nadam']','[<function mean_squared_error at 0x0000025432BEAC80>]','[<function linear at 0x0000025432C31400>]',nan
(2, 10, 30),[1],[1, 2, 3, 4],[10, 20, 40],[None],'[None]','['SGD', 'nadam']','[<function mean_squared_error at 0x0000025432BEAC80>]','[<function linear at 0x0000025432C31400>]',nan
(2, 10, 30),[1],[1, 2, 3, 4],[10, 20, 40],[None],'[None]','['SGD', 'nadam']','[<function mean_squared_error at 0x0000025432BEAC80>]','[<function linear at 0x0000025432C31400>]',nan
(2, 10, 30),[1],[1, 2, 3, 4],[10, 20, 40],[None],'[None]','['SGD', 'nadam']','[<function mean_squared_error at 0x0000025432BEAC80>]','[<function linear at 0x0000025432C31400>]',nan
(2, 10, 30),[1],[1, 2, 3, 4],[10, 20, 40],[None],'[None]','['SGD', 'nadam']','[<function mean_squared_error at 0x0000025432BEAC80>]','[<function linear at 0x0000025432C31400>]',nan
(2, 10, 30),[1],[1, 2, 3, 4],[10, 20, 40],[None],'[None]','['SGD', 'nadam']','[<function mean_squared_error at 0x0000025432BEAC80>]','[<function linear at 0x0000025432C31400>]',nan
(2, 10, 30),[1],[1, 2, 3, 4],[10, 20, 40],[None],'[None]','['SGD', 'nadam']','[<function mean_squared_error at 0x0000025432BEAC80>]','[<function linear at 0x0000025432C31400>]',nan
(2, 10, 30),[1],[1, 2, 3, 4],[10, 20, 40],[None],'[None]','['SGD', 'nadam']','[<function mean_squared_error at 0x0000025432BEAC80>]','[<function linear at 0x0000025432C31400>]',nan
(2, 10, 30),[1],[1, 2, 3, 4],[10, 20, 40],[None],'[None]','['SGD', 'nadam']','[<function mean_squared_error at 0x0000025432BEAC80>]','[<function linear at 0x0000025432C31400>]',nan
(2, 10, 30),[1],[1, 2, 3, 4],[10, 20, 40],[None],'[None]','['SGD', 'nadam']','[<function mean_squared_error at 0x0000025432BEAC80>]','[<function linear at 0x0000025432C31400>]',nan
(2, 10, 30),[1],[1, 2, 3, 4],[10, 20, 40],[None],'[None]','['SGD', 'nadam']','[<function mean_squared_error at 0x0000025432BEAC80>]','[<function linear at 0x0000025432C31400>]',nan
(2, 10, 30),[1],[1, 2, 3, 4],[10, 20, 40],[None],'[None]','['SGD', 'nadam']','[<function mean_squared_error at 0x0000025432BEAC80>]','[<function linear at 0x0000025432C31400>]',nan
(2, 10, 30),[1],[1, 2, 3, 4],[10, 20, 40],[None],'[None]','['SGD', 'nadam']','[<function mean_squared_error at 0x0000025432BEAC80>]','[<function linear at 0x0000025432C31400>]',nan
(2, 10, 30),[1],[1, 2, 3, 4],[10, 20, 40],[None],'[None]','['SGD', 'nadam']','[<function mean_squared_error at 0x0000025432BEAC80>]','[<function linear at 0x0000025432C31400>]',nan
(2, 10, 30),[1],[1, 2, 3, 4],[10, 20, 40],[None],'[None]','['SGD', 'nadam']','[<function mean_squared_error at 0x0000025432BEAC80>]','[<function linear at 0x0000025432C31400>]',nan
(2, 10, 30),[1],[1, 2, 3, 4],[10, 20, 40],[None],'[None]','['SGD', 'nadam']','[<function mean_squared_error at 0x0000025432BEAC80>]','[<function linear at 0x0000025432C31400>]',nan
(2, 10, 30),[1],[1, 2, 3, 4],[10, 20, 40],[None],'[None]','['SGD', 'nadam']','[<function mean_squared_error at 0x0000025432BEAC80>]','[<function linear at 0x0000025432C31400>]',nan
(2, 10, 30),[1],[1, 2, 3, 4],[10, 20, 40],[None],'[None]','['SGD', 'nadam']','[<function mean_squared_error at 0x0000025432BEAC80>]','[<function linear at 0x0000025432C31400>]',nan
(2, 10, 30),[1],[1, 2, 3, 4],[10, 20, 40],[None],'[None]','['SGD', 'nadam']','[<function mean_squared_error at 0x0000025432BEAC80>]','[<function linear at 0x0000025432C31400>]',nan
(2, 10, 30),[1],[1, 2, 3, 4],[10, 20, 40],[None],'[None]','['SGD', 'nadam']','[<function mean_squared_error at 0x0000025432BEAC80>]','[<function linear at 0x0000025432C31400>]',nan
(2, 10, 30),[1],[1, 2, 3, 4],[10, 20, 40],[None],'[None]','['SGD', 'nadam']','[<function mean_squared_error at 0x0000025432BEAC80>]','[<function linear at 0x0000025432C31400>]',nan
(2, 10, 30),[1],[1, 2, 3, 4],[10, 20, 40],[None],'[None]','['SGD', 'nadam']','[<function mean_squared_error at 0x0000025432BEAC80>]','[<function linear at 0x0000025432C31400>]',nan
(2, 10, 30),[1],[1, 2, 3, 4],[10, 20, 40],[None],'[None]','['SGD', 'nadam']','[<function mean_squared_error at 0x0000025432BEAC80>]','[<function linear at 0x0000025432C31400>]',nan
(2, 10, 30),[1],[1, 2, 3, 4],[10, 20, 40],[None],'[None]','['SGD', 'nadam']','[<function mean_squared_error at 0x0000025432BEAC80>]','[<function linear at 0x0000025432C31400>]',nan
(2, 10, 30),[1],[1, 2, 3, 4],[10, 20, 40],[None],'[None]','['SGD', 'nadam']','[<function mean_squared_error at 0x0000025432BEAC80>]','[<function linear at 0x0000025432C31400>]',nan
(2, 10, 30),[1],[1, 2, 3, 4],[10, 20, 40],[None],'[None]','['SGD', 'nadam']','[<function mean_squared_error at 0x0000025432BEAC80>]','[<function linear at 0x0000025432C31400>]',nan
(2, 10, 30),[1],[1, 2, 3, 4],[10, 20, 40],[None],'[None]','['SGD', 'nadam']','[<function mean_squared_error at 0x0000025432BEAC80>]','[<function linear at 0x0000025432C31400>]',nan
(2, 10, 30),[1],[1, 2, 3, 4],[10, 20, 40],[None],'[None]','['SGD', 'nadam']','[<function mean_squared_error at 0x0000025432BEAC80>]','[<function linear at 0x0000025432C31400>]',nan
(2, 10, 30),[1],[1, 2, 3, 4],[10, 20, 40],[None],'[None]','['SGD', 'nadam']','[<function mean_squared_error at 0x0000025432BEAC80>]','[<function linear at 0x0000025432C31400>]',nan
(2, 10, 30),[1],[1, 2, 3, 4],[10, 20, 40],[None],'[None]','['SGD', 'nadam']','[<function mean_squared_error at 0x0000025432BEAC80>]','[<function linear at 0x0000025432C31400>]',nan
(2, 10, 30),[1],[1, 2, 3, 4],[10, 20, 40],[None],'[None]','['SGD', 'nadam']','[<function mean_squared_error at 0x0000025432BEAC80>]','[<function linear at 0x0000025432C31400>]',nan
(2, 10, 30),[1],[1, 2, 3, 4],[10, 20, 40],[None],'[None]','['SGD', 'nadam']','[<function mean_squared_error at 0x0000025432BEAC80>]','[<function linear at 0x0000025432C31400>]',nan
(2, 10, 30),[1],[1, 2, 3, 4],[10, 20, 40],[None],'[None]','['SGD', 'nadam']','[<function mean_squared_error at 0x0000025432BEAC80>]','[<function linear at 0x0000025432C31400>]',nan
(2, 10, 30),[1],[1, 2, 3, 4],[10, 20, 40],[None],'[None]','['SGD', 'nadam']','[<function mean_squared_error at 0x0000025432BEAC80>]','[<function linear at 0x0000025432C31400>]',nan
(2, 10, 30),[1],[1, 2, 3, 4],[10, 20, 40],[None],'[None]','['SGD', 'nadam']','[<function mean_squared_error at 0x0000025432BEAC80>]','[<function linear at 0x0000025432C31400>]',nan
(2, 10, 30),[1],[1, 2, 3, 4],[10, 20, 40],[None],'[None]','['SGD', 'nadam']','[<function mean_squared_error at 0x0000025432BEAC80>]','[<function linear at 0x0000025432C31400>]',nan
(2, 10, 30),[1],[1, 2, 3, 4],[10, 20, 40],[None],'[None]','['SGD', 'nadam']','[<function mean_squared_error at 0x0000025432BEAC80>]','[<function linear at 0x0000025432C31400>]',nan
(2, 10, 30),[1],[1, 2, 3, 4],[10, 20, 40],[None],'[None]','['SGD', 'nadam']','[<function mean_squared_error at 0x0000025432BEAC80>]','[<function linear at 0x0000025432C31400>]',nan
(2, 10, 30),[1],[1, 2, 3, 4],[10, 20, 40],[None],'[None]','['SGD', 'nadam']','[<function mean_squared_error at 0x0000025432BEAC80>]','[<function linear at 0x0000025432C31400>]',nan
(2, 10, 30),[1],[1, 2, 3, 4],[10, 20, 40],[None],'[None]','['SGD', 'nadam']','[<function mean_squared_error at 0x0000025432BEAC80>]','[<function linear at 0x0000025432C31400>]',nan
(2, 10, 30),[1],[1, 2, 3, 4],[10, 20, 40],[None],'[None]','['SGD', 'nadam']','[<function mean_squared_error at 0x0000025432BEAC80>]','[<function linear at 0x0000025432C31400>]',nan
(2, 10, 30),[1],[1, 2, 3, 4],[10, 20, 40],[None],'[None]','['SGD', 'nadam']','[<function mean_squared_error at 0x0000025432BEAC80>]','[<function linear at 0x0000025432C31400>]',nan
(2, 10, 30),[1],[1, 2, 3, 4],[10, 20, 40],[None],'[None]','['SGD', 'nadam']','[<function mean_squared_error at 0x0000025432BEAC80>]','[<function linear at 0x0000025432C31400>]',nan
(2, 10, 30),[1],[1, 2, 3, 4],[10, 20, 40],[None],'[None]','['SGD', 'nadam']','[<function mean_squared_error at 0x0000025432BEAC80>]','[<function linear at 0x0000025432C31400>]',nan
(2, 10, 30),[1],[1, 2, 3, 4],[10, 20, 40],[None],'[None]','['SGD', 'nadam']','[<function mean_squared_error at 0x0000025432BEAC80>]','[<function linear at 0x0000025432C31400>]',nan
(2, 10, 30),[1],[1, 2, 3, 4],[10, 20, 40],[None],'[None]','['SGD', 'nadam']','[<function mean_squared_error at 0x0000025432BEAC80>]','[<function linear at 0x0000025432C31400>]',nan
(2, 10, 30),[1],[1, 2, 3, 4],[10, 20, 40],[None],'[None]','['SGD', 'nadam']','[<function mean_squared_error at 0x0000025432BEAC80>]','[<function linear at 0x0000025432C31400>]',nan
(2, 10, 30),[1],[1, 2, 3, 4],[10, 20, 40],[None],'[None]','['SGD', 'nadam']','[<function mean_squared_error at 0x0000025432BEAC80>]','[<function linear at 0x0000025432C31400>]',nan
(2, 10, 30),[1],[1, 2, 3, 4],[10, 20, 40],[None],'[None]','['SGD', 'nadam']','[<function mean_squared_error at 0x0000025432BEAC80>]','[<function linear at 0x0000025432C31400>]',nan
(2, 10, 30),[1],[1, 2, 3, 4],[10, 20, 40],[None],'[None]','['SGD', 'nadam']','[<function mean_squared_error at 0x0000025432BEAC80>]','[<function linear at 0x0000025432C31400>]',nan
(2, 10, 30),[1],[1, 2, 3, 4],[10, 20, 40],[None],'[None]','['SGD', 'nadam']','[<function mean_squared_error at 0x0000025432BEAC80>]','[<function linear at 0x0000025432C31400>]',nan
(2, 10, 30),[1],[1, 2, 3, 4],[10, 20, 40],[None],'[None]','['SGD', 'nadam']','[<function mean_squared_error at 0x0000025432BEAC80>]','[<function linear at 0x0000025432C31400>]',nan
(2, 10, 30),[1],[1, 2, 3, 4],[10, 20, 40],[None],'[None]','['SGD', 'nadam']','[<function mean_squared_error at 0x0000025432BEAC80>]','[<function linear at 0x0000025432C31400>]',nan
(2, 10, 30),[1],[1, 2, 3, 4],[10, 20, 40],[None],'[None]','['SGD', 'nadam']','[<function mean_squared_error at 0x0000025432BEAC80>]','[<function linear at 0x0000025432C31400>]',nan
(2, 10, 30),[1],[1, 2, 3, 4],[10, 20, 40],[None],'[None]','['SGD', 'nadam']','[<function mean_squared_error at 0x0000025432BEAC80>]','[<function linear at 0x0000025432C31400>]',nan
(2, 10, 30),[1],[1, 2, 3, 4],[10, 20, 40],[None],'[None]','['SGD', 'nadam']','[<function mean_squared_error at 0x0000025432BEAC80>]','[<function linear at 0x0000025432C31400>]',nan
(2, 10, 30),[1],[1, 2, 3, 4],[10, 20, 40],[None],'[None]','['SGD', 'nadam']','[<function mean_squared_error at 0x0000025432BEAC80>]','[<function linear at 0x0000025432C31400>]',nan
(2, 10, 30),[1],[1, 2, 3, 4],[10, 20, 40],[None],'[None]','['SGD', 'nadam']','[<function mean_squared_error at 0x0000025432BEAC80>]','[<function linear at 0x0000025432C31400>]',nan
(2, 10, 30),[1],[1, 2, 3, 4],[10, 20, 40],[None],'[None]','['SGD', 'nadam']','[<function mean_squared_error at 0x0000025432BEAC80>]','[<function linear at 0x0000025432C31400>]',nan
(2, 10, 30),[1],[1, 2, 3, 4],[10, 20, 40],[None],'[None]','['SGD', 'nadam']','[<function mean_squared_error at 0x0000025432BEAC80>]','[<function linear at 0x0000025432C31400>]',nan
(2, 10, 30),[1],[1, 2, 3, 4],[10, 20, 40],[None],'[None]','['SGD', 'nadam']','[<function mean_squared_error at 0x0000025432BEAC80>]','[<function linear at 0x0000025432C31400>]',nan
(2, 10, 30),[1],[1, 2, 3, 4],[10, 20, 40],[None],'[None]','['SGD', 'nadam']','[<function mean_squared_error at 0x0000025432BEAC80>]','[<function linear at 0x0000025432C31400>]',nan
(2, 10, 30),[1],[1, 2, 3, 4],[10, 20, 40],[None],'[None]','['SGD', 'nadam']','[<function mean_squared_error at 0x0000025432BEAC80>]','[<function linear at 0x0000025432C31400>]',nan
(2, 10, 30),[1],[1, 2, 3, 4],[10, 20, 40],[None],'[None]','['SGD', 'nadam']','[<function mean_squared_error at 0x0000025432BEAC80>]','[<function linear at 0x0000025432C31400>]',nan
(2, 10, 30),[1],[1, 2, 3, 4],[10, 20, 40],[None],'[None]','['SGD', 'nadam']','[<function mean_squared_error at 0x0000025432BEAC80>]','[<function linear at 0x0000025432C31400>]',nan
(2, 10, 30),[1],[1, 2, 3, 4],[10, 20, 40],[None],'[None]','['SGD', 'nadam']','[<function mean_squared_error at 0x0000025432BEAC80>]','[<function linear at 0x0000025432C31400>]',nan
(2, 10, 30),[1],[1, 2, 3, 4],[10, 20, 40],[None],'[None]','['SGD', 'nadam']','[<function mean_squared_error at 0x0000025432BEAC80>]','[<function linear at 0x0000025432C31400>]',nan
(2, 10, 30),[1],[1, 2, 3, 4],[10, 20, 40],[None],'[None]','['SGD', 'nadam']','[<function mean_squared_error at 0x0000025432BEAC80>]','[<function linear at 0x0000025432C31400>]',nan
(2, 10, 30),[1],[1, 2, 3, 4],[10, 20, 40],[None],'[None]','['SGD', 'nadam']','[<function mean_squared_error at 0x0000025432BEAC80>]','[<function linear at 0x0000025432C31400>]',nan
(2, 10, 30),[1],[1, 2, 3, 4],[10, 20, 40],[None],'[None]','['SGD', 'nadam']','[<function mean_squared_error at 0x0000025432BEAC80>]','[<function linear at 0x0000025432C31400>]',nan
(2, 10, 30),[1],[1, 2, 3, 4],[10, 20, 40],[None],'[None]','['SGD', 'nadam']','[<function mean_squared_error at 0x0000025432BEAC80>]','[<function linear at 0x0000025432C31400>]',nan
(2, 10, 30),[1],[1, 2, 3, 4],[10, 20, 40],[None],'[None]','['SGD', 'nadam']','[<function mean_squared_error at 0x0000025432BEAC80>]','[<function linear at 0x0000025432C31400>]',nan
(2, 10, 30),[1],[1, 2, 3, 4],[10, 20, 40],[None],'[None]','['SGD', 'nadam']','[<function mean_squared_error at 0x0000025432BEAC80>]','[<function linear at 0x0000025432C31400>]',nan
(2, 10, 30),[1],[1, 2, 3, 4],[10, 20, 40],[None],'[None]','['SGD', 'nadam']','[<function mean_squared_error at 0x0000025432BEAC80>]','[<function linear at 0x0000025432C31400>]',nan
(2, 10, 30),[1],[1, 2, 3, 4],[10, 20, 40],[None],'[None]','['SGD', 'nadam']','[<function mean_squared_error at 0x0000025432BEAC80>]','[<function linear at 0x0000025432C31400>]',nan
(2, 10, 30),[1],[1, 2, 3, 4],[10, 20, 40],[None],'[None]','['SGD', 'nadam']','[<function mean_squared_error at 0x0000025432BEAC80>]','[<function linear at 0x0000025432C31400>]',nan
(2, 10, 30),[1],[1, 2, 3, 4],[10, 20, 40],[None],'[None]','['SGD', 'nadam']','[<function mean_squared_error at 0x0000025432BEAC80>]','[<function linear at 0x0000025432C31400>]',nan
(2, 10, 30),[1],[1, 2, 3, 4],[10, 20, 40],[None],'[None]','['SGD', 'nadam']','[<function mean_squared_error at 0x0000025432BEAC80>]','[<function linear at 0x0000025432C31400>]',nan
(2, 10, 30),[1],[1, 2, 3, 4],[10, 20, 40],[None],'[None]','['SGD', 'nadam']','[<function mean_squared_error at 0x0000025432BEAC80>]','[<function linear at 0x0000025432C31400>]',nan
(2, 10, 30),[1],[1, 2, 3, 4],[10, 20, 40],[None],'[None]','['SGD', 'nadam']','[<function mean_squared_error at 0x0000025432BEAC80>]','[<function linear at 0x0000025432C31400>]',nan
(2, 10, 30),[1],[1, 2, 3, 4],[10, 20, 40],[None],'[None]','['SGD', 'nadam']','[<function mean_squared_error at 0x0000025432BEAC80>]','[<function linear at 0x0000025432C31400>]',nan
(2, 10, 30),[1],[1, 2, 3, 4],[10, 20, 40],[None],'[None]','['SGD', 'nadam']','[<function mean_squared_error at 0x0000025432BEAC80>]','[<function linear at 0x0000025432C31400>]',nan
(2, 10, 30),[1],[1, 2, 3, 4],[10, 20, 40],[None],'[None]','['SGD', 'nadam']','[<function mean_squared_error at 0x0000025432BEAC80>]','[<function linear at 0x0000025432C31400>]',nan
(2, 10, 30),[1],[1, 2, 3, 4],[10, 20, 40],[None],'[None]','['SGD', 'nadam']','[<function mean_squared_error at 0x0000025432BEAC80>]','[<function linear at 0x0000025432C31400>]',nan
(2, 10, 30),[1],[1, 2, 3, 4],[10, 20, 40],[None],'[None]','['SGD', 'nadam']','[<function mean_squared_error at 0x0000025432BEAC80>]','[<function linear at 0x0000025432C31400>]',nan
(2, 10, 30),[1],[1, 2, 3, 4],[10, 20, 40],[None],'[None]','['SGD', 'nadam']','[<function mean_squared_error at 0x0000025432BEAC80>]','[<function linear at 0x0000025432C31400>]',nan
(2, 10, 30),[1],[1, 2, 3, 4],[10, 20, 40],[None],'[None]','['SGD', 'nadam']','[<function mean_squared_error at 0x0000025432BEAC80>]','[<function linear at 0x0000025432C31400>]',nan
(2, 10, 30),[1],[1, 2, 3, 4],[10, 20, 40],[None],'[None]','['SGD', 'nadam']','[<function mean_squared_error at 0x0000025432BEAC80>]','[<function linear at 0x0000025432C31400>]',nan
(2, 10, 30),[1],[1, 2, 3, 4],[10, 20, 40],[None],'[None]','['SGD', 'nadam']','[<function mean_squared_error at 0x0000025432BEAC80>]','[<function linear at 0x0000025432C31400>]',nan
(2, 10, 30),[1],[1, 2, 3, 4],[10, 20, 40],[None],'[None]','['SGD', 'nadam']','[<function mean_squared_error at 0x0000025432BEAC80>]','[<function linear at 0x0000025432C31400>]',nan
